2018-08-30 14:18:21.436  INFO 16426 --- [  restartedMain] c.s.d.DrinkPlannerApplication            : We start !
2018-08-30 14:18:21.443  INFO 16426 --- [  restartedMain] c.s.d.DrinkPlannerApplication            : Created
2018-08-30 14:18:21.448  INFO 16426 --- [  restartedMain] c.s.d.DrinkPlannerApplication            : Transformed
2018-08-30 14:18:21.465  INFO 16426 --- [  restartedMain] c.s.d.DrinkPlannerApplication            : Processing Chimay Bleue
2018-08-30 14:18:21.474  INFO 16426 --- [  restartedMain] c.s.d.service.BeverageService            : Tasting Chimay Bleue...
2018-08-30 14:18:22.375  INFO 16426 --- [  restartedMain] c.s.d.service.BeverageService            : Chimay Bleue is tasted ok
2018-08-30 14:18:22.376  INFO 16426 --- [  restartedMain] c.s.d.service.BeverageService            : Now Saving Beverage Chimay Bleue
2018-08-30 14:18:22.433  INFO 16426 --- [  restartedMain] c.s.d.DrinkPlannerApplication            : Processing Bush Ambrée
2018-08-30 14:18:22.433  INFO 16426 --- [  restartedMain] c.s.d.service.BeverageService            : Tasting Bush Ambrée...
2018-08-30 14:18:22.478  INFO 16426 --- [ntLoopGroup-2-2] c.s.d.service.BeverageService            : Already exists : Beverage(id=5b866aeb07467720445fb358, name=Chimay Bleue, alcoholRate=9.0, capacity=33, trappist=true)
2018-08-30 14:18:23.634  INFO 16426 --- [  restartedMain] c.s.d.service.BeverageService            : Bush Ambrée is tasted ok
2018-08-30 14:18:23.635  INFO 16426 --- [  restartedMain] c.s.d.service.BeverageService            : Now Saving Beverage Bush Ambrée
2018-08-30 14:18:23.638  INFO 16426 --- [  restartedMain] c.s.d.DrinkPlannerApplication            : Processing Orval
2018-08-30 14:18:23.641  INFO 16426 --- [  restartedMain] c.s.d.service.BeverageService            : Tasting Orval...
2018-08-30 14:18:23.646  INFO 16426 --- [ntLoopGroup-2-2] c.s.d.service.BeverageService            : Already exists : Beverage(id=5b866aeb07467720445fb359, name=Bush Ambrée, alcoholRate=12.0, capacity=33, trappist=false)
2018-08-30 14:18:24.241  INFO 16426 --- [  restartedMain] c.s.d.service.BeverageService            : Orval is tasted ok
2018-08-30 14:18:24.242  INFO 16426 --- [  restartedMain] c.s.d.service.BeverageService            : Now Saving Beverage Orval
2018-08-30 14:18:24.246  INFO 16426 --- [  restartedMain] c.s.d.DrinkPlannerApplication            : Processing Vittel
2018-08-30 14:18:24.248  INFO 16426 --- [  restartedMain] c.s.d.service.BeverageService            : Tasting Vittel...
2018-08-30 14:18:24.248  INFO 16426 --- [  restartedMain] c.s.d.service.BeverageService            : Vittel is tasted ok
2018-08-30 14:18:24.248  INFO 16426 --- [  restartedMain] c.s.d.service.BeverageService            : Now Saving Beverage Vittel
2018-08-30 14:18:24.250  INFO 16426 --- [ntLoopGroup-2-2] c.s.d.service.BeverageService            : Already exists : Beverage(id=5b866aeb07467720445fb35a, name=Orval, alcoholRate=6.5, capacity=33, trappist=true)
2018-08-30 14:18:24.252  INFO 16426 --- [  restartedMain] c.s.d.DrinkPlannerApplication            : Processing Hoogaerden
2018-08-30 14:18:24.253  INFO 16426 --- [  restartedMain] c.s.d.service.BeverageService            : Tasting Hoogaerden...
2018-08-30 14:18:24.254  INFO 16426 --- [ntLoopGroup-2-2] c.s.d.service.BeverageService            : Already exists : Beverage(id=5b866aeb07467720445fb35b, name=Vittel, alcoholRate=0.0, capacity=50, trappist=false)
2018-08-30 14:18:24.654  INFO 16426 --- [  restartedMain] c.s.d.service.BeverageService            : Hoogaerden is tasted ok
2018-08-30 14:18:24.654  INFO 16426 --- [  restartedMain] c.s.d.service.BeverageService            : Now Saving Beverage Hoogaerden
2018-08-30 14:18:24.656  INFO 16426 --- [  restartedMain] c.s.d.DrinkPlannerApplication            : Processing Cuvée des Trolls
2018-08-30 14:18:24.657  INFO 16426 --- [  restartedMain] c.s.d.service.BeverageService            : Tasting Cuvée des Trolls...
2018-08-30 14:18:24.659  INFO 16426 --- [ntLoopGroup-2-2] c.s.d.service.BeverageService            : Already exists : Beverage(id=5b866aec07467720445fb35c, name=Hoogaerden, alcoholRate=4.0, capacity=25, trappist=false)
2018-08-30 14:18:25.357  INFO 16426 --- [  restartedMain] c.s.d.service.BeverageService            : Cuvée des Trolls is tasted ok
2018-08-30 14:18:25.358  INFO 16426 --- [  restartedMain] c.s.d.service.BeverageService            : Now Saving Beverage Cuvée des Trolls
2018-08-30 14:18:25.370  INFO 16426 --- [ntLoopGroup-2-2] c.s.d.service.BeverageService            : Already exists : Beverage(id=5b866aec07467720445fb35d, name=Cuvée des Trolls, alcoholRate=7.0, capacity=25, trappist=false)
2018-08-30 14:18:25.371  INFO 16426 --- [ntLoopGroup-2-2] c.s.d.DrinkPlannerApplication            : All created in 3911 ms. Number of trappist beers 2
2018-08-30 14:18:25.367  INFO 16426 --- [  restartedMain] c.s.d.DrinkPlannerApplication            : Done after 3931 ms !
