2018-08-30 14:32:29.432  INFO 17441 --- [  restartedMain] c.s.d.DrinkPlannerApplication            : We start !
2018-08-30 14:32:29.439  INFO 17441 --- [  restartedMain] c.s.d.DrinkPlannerApplication            : Created
2018-08-30 14:32:29.444  INFO 17441 --- [  restartedMain] c.s.d.DrinkPlannerApplication            : Transformed
2018-08-30 14:32:29.449  INFO 17441 --- [  restartedMain] c.s.d.DrinkPlannerApplication            : Done after 17 ms !
2018-08-30 14:32:29.496  INFO 17441 --- [   processing-1] c.s.d.DrinkPlannerApplication            : Processing Chimay Bleue
2018-08-30 14:32:29.513  INFO 17441 --- [   processing-1] c.s.d.service.BeverageService            : Tasting Chimay Bleue...
2018-08-30 14:32:30.414  INFO 17441 --- [   processing-1] c.s.d.service.BeverageService            : Chimay Bleue is tasted ok
2018-08-30 14:32:30.414  INFO 17441 --- [   processing-1] c.s.d.service.BeverageService            : Now Saving Beverage Chimay Bleue
2018-08-30 14:32:30.531  INFO 17441 --- [   processing-1] c.s.d.DrinkPlannerApplication            : Processing Bush Ambrée
2018-08-30 14:32:30.531  INFO 17441 --- [   processing-1] c.s.d.service.BeverageService            : Tasting Bush Ambrée...
2018-08-30 14:32:30.607  INFO 17441 --- [ntLoopGroup-2-2] c.s.d.service.BeverageService            : Already exists : Beverage(id=5b866aeb07467720445fb358, name=Chimay Bleue, alcoholRate=9.0, capacity=33, trappist=true)
2018-08-30 14:32:31.732  INFO 17441 --- [   processing-1] c.s.d.service.BeverageService            : Bush Ambrée is tasted ok
2018-08-30 14:32:31.733  INFO 17441 --- [   processing-1] c.s.d.service.BeverageService            : Now Saving Beverage Bush Ambrée
2018-08-30 14:32:31.742  INFO 17441 --- [   processing-1] c.s.d.DrinkPlannerApplication            : Processing Orval
2018-08-30 14:32:31.746  INFO 17441 --- [   processing-1] c.s.d.service.BeverageService            : Tasting Orval...
2018-08-30 14:32:31.752  INFO 17441 --- [ntLoopGroup-2-2] c.s.d.service.BeverageService            : Already exists : Beverage(id=5b866aeb07467720445fb359, name=Bush Ambrée, alcoholRate=12.0, capacity=33, trappist=false)
2018-08-30 14:32:32.347  INFO 17441 --- [   processing-1] c.s.d.service.BeverageService            : Orval is tasted ok
2018-08-30 14:32:32.347  INFO 17441 --- [   processing-1] c.s.d.service.BeverageService            : Now Saving Beverage Orval
2018-08-30 14:32:32.351  INFO 17441 --- [   processing-1] c.s.d.DrinkPlannerApplication            : Processing Vittel
2018-08-30 14:32:32.354  INFO 17441 --- [   processing-1] c.s.d.service.BeverageService            : Tasting Vittel...
2018-08-30 14:32:32.354  INFO 17441 --- [   processing-1] c.s.d.service.BeverageService            : Vittel is tasted ok
2018-08-30 14:32:32.355  INFO 17441 --- [   processing-1] c.s.d.service.BeverageService            : Now Saving Beverage Vittel
2018-08-30 14:32:32.358  INFO 17441 --- [ntLoopGroup-2-2] c.s.d.service.BeverageService            : Already exists : Beverage(id=5b866aeb07467720445fb35a, name=Orval, alcoholRate=6.5, capacity=33, trappist=true)
2018-08-30 14:32:32.365  INFO 17441 --- [   processing-1] c.s.d.DrinkPlannerApplication            : Processing Hoogaerden
2018-08-30 14:32:32.366  INFO 17441 --- [ntLoopGroup-2-2] c.s.d.service.BeverageService            : Already exists : Beverage(id=5b866aeb07467720445fb35b, name=Vittel, alcoholRate=0.0, capacity=50, trappist=false)
2018-08-30 14:32:32.366  INFO 17441 --- [   processing-1] c.s.d.service.BeverageService            : Tasting Hoogaerden...
2018-08-30 14:32:32.768  INFO 17441 --- [   processing-1] c.s.d.service.BeverageService            : Hoogaerden is tasted ok
2018-08-30 14:32:32.768  INFO 17441 --- [   processing-1] c.s.d.service.BeverageService            : Now Saving Beverage Hoogaerden
2018-08-30 14:32:32.770  INFO 17441 --- [   processing-1] c.s.d.DrinkPlannerApplication            : Processing Cuvée des Trolls
2018-08-30 14:32:32.771  INFO 17441 --- [   processing-1] c.s.d.service.BeverageService            : Tasting Cuvée des Trolls...
2018-08-30 14:32:32.772  INFO 17441 --- [ntLoopGroup-2-2] c.s.d.service.BeverageService            : Already exists : Beverage(id=5b866aec07467720445fb35c, name=Hoogaerden, alcoholRate=4.0, capacity=25, trappist=false)
2018-08-30 14:32:33.472  INFO 17441 --- [   processing-1] c.s.d.service.BeverageService            : Cuvée des Trolls is tasted ok
2018-08-30 14:32:33.473  INFO 17441 --- [   processing-1] c.s.d.service.BeverageService            : Now Saving Beverage Cuvée des Trolls
2018-08-30 14:32:33.479  INFO 17441 --- [ntLoopGroup-2-2] c.s.d.service.BeverageService            : Already exists : Beverage(id=5b866aec07467720445fb35d, name=Cuvée des Trolls, alcoholRate=7.0, capacity=25, trappist=false)
2018-08-30 14:32:33.480  INFO 17441 --- [ntLoopGroup-2-2] c.s.d.DrinkPlannerApplication            : All created in 4021 ms. Number of trappist beers 2
