2018-08-30 14:47:15.303  INFO 18179 --- [  restartedMain] c.s.d.DrinkPlannerApplication            : We start !
2018-08-30 14:47:15.311  INFO 18179 --- [  restartedMain] c.s.d.DrinkPlannerApplication            : Created
2018-08-30 14:47:15.317  INFO 18179 --- [  restartedMain] c.s.d.DrinkPlannerApplication            : Transformed
2018-08-30 14:47:15.323  INFO 18179 --- [  restartedMain] c.s.d.DrinkPlannerApplication            : Done after 20 ms !
2018-08-30 14:47:15.347  INFO 18179 --- [   processing-1] c.s.d.DrinkPlannerApplication            : Processing Chimay Bleue
2018-08-30 14:47:15.356  INFO 18179 --- [   processing-1] c.s.d.DrinkPlannerApplication            : Processing Bush Ambrée
2018-08-30 14:47:15.357  INFO 18179 --- [   processing-1] c.s.d.DrinkPlannerApplication            : Processing Orval
2018-08-30 14:47:15.358  INFO 18179 --- [   processing-1] c.s.d.DrinkPlannerApplication            : Processing Vittel
2018-08-30 14:47:15.359  INFO 18179 --- [   processing-1] c.s.d.DrinkPlannerApplication            : Processing Hoogaerden
2018-08-30 14:47:15.371  INFO 18179 --- [      tasting-5] c.s.d.service.BeverageService            : Tasting Orval...
2018-08-30 14:47:15.372  INFO 18179 --- [      tasting-3] c.s.d.service.BeverageService            : Tasting Chimay Bleue...
2018-08-30 14:47:15.372  INFO 18179 --- [   processing-1] c.s.d.DrinkPlannerApplication            : Processing Cuvée des Trolls
2018-08-30 14:47:15.373  INFO 18179 --- [      tasting-7] c.s.d.service.BeverageService            : Tasting Hoogaerden...
2018-08-30 14:47:15.373  INFO 18179 --- [      tasting-6] c.s.d.service.BeverageService            : Tasting Vittel...
2018-08-30 14:47:15.373  INFO 18179 --- [      tasting-8] c.s.d.service.BeverageService            : Tasting Cuvée des Trolls...
2018-08-30 14:47:15.374  INFO 18179 --- [      tasting-4] c.s.d.service.BeverageService            : Tasting Bush Ambrée...
2018-08-30 14:47:15.375  INFO 18179 --- [      tasting-6] c.s.d.service.BeverageService            : Vittel is tasted ok
2018-08-30 14:47:15.375  INFO 18179 --- [      tasting-6] c.s.d.service.BeverageService            : Now Saving Beverage Vittel
2018-08-30 14:47:15.501  INFO 18179 --- [ntLoopGroup-2-2] c.s.d.service.BeverageService            : Already exists : Beverage(id=5b866aeb07467720445fb35b, name=Vittel, alcoholRate=0.0, capacity=50, trappist=false)
2018-08-30 14:47:15.773  INFO 18179 --- [      tasting-7] c.s.d.service.BeverageService            : Hoogaerden is tasted ok
2018-08-30 14:47:15.774  INFO 18179 --- [      tasting-7] c.s.d.service.BeverageService            : Now Saving Beverage Hoogaerden
2018-08-30 14:47:15.786  INFO 18179 --- [ntLoopGroup-2-2] c.s.d.service.BeverageService            : Already exists : Beverage(id=5b866aec07467720445fb35c, name=Hoogaerden, alcoholRate=4.0, capacity=25, trappist=false)
2018-08-30 14:47:15.972  INFO 18179 --- [      tasting-5] c.s.d.service.BeverageService            : Orval is tasted ok
2018-08-30 14:47:15.972  INFO 18179 --- [      tasting-5] c.s.d.service.BeverageService            : Now Saving Beverage Orval
2018-08-30 14:47:15.981  INFO 18179 --- [ntLoopGroup-2-2] c.s.d.service.BeverageService            : Already exists : Beverage(id=5b866aeb07467720445fb35a, name=Orval, alcoholRate=6.5, capacity=33, trappist=true)
2018-08-30 14:47:16.074  INFO 18179 --- [      tasting-8] c.s.d.service.BeverageService            : Cuvée des Trolls is tasted ok
2018-08-30 14:47:16.074  INFO 18179 --- [      tasting-8] c.s.d.service.BeverageService            : Now Saving Beverage Cuvée des Trolls
2018-08-30 14:47:16.083  INFO 18179 --- [ntLoopGroup-2-2] c.s.d.service.BeverageService            : Already exists : Beverage(id=5b866aec07467720445fb35d, name=Cuvée des Trolls, alcoholRate=7.0, capacity=25, trappist=false)
2018-08-30 14:47:16.272  INFO 18179 --- [      tasting-3] c.s.d.service.BeverageService            : Chimay Bleue is tasted ok
2018-08-30 14:47:16.272  INFO 18179 --- [      tasting-3] c.s.d.service.BeverageService            : Now Saving Beverage Chimay Bleue
2018-08-30 14:47:16.281  INFO 18179 --- [ntLoopGroup-2-2] c.s.d.service.BeverageService            : Already exists : Beverage(id=5b866aeb07467720445fb358, name=Chimay Bleue, alcoholRate=9.0, capacity=33, trappist=true)
2018-08-30 14:47:16.575  INFO 18179 --- [      tasting-4] c.s.d.service.BeverageService            : Bush Ambrée is tasted ok
2018-08-30 14:47:16.576  INFO 18179 --- [      tasting-4] c.s.d.service.BeverageService            : Now Saving Beverage Bush Ambrée
2018-08-30 14:47:16.582  INFO 18179 --- [ntLoopGroup-2-2] c.s.d.service.BeverageService            : Already exists : Beverage(id=5b866aeb07467720445fb359, name=Bush Ambrée, alcoholRate=12.0, capacity=33, trappist=false)
2018-08-30 14:47:16.582  INFO 18179 --- [ntLoopGroup-2-2] c.s.d.DrinkPlannerApplication            : All created in 1245 ms. Number of trappist beers 2
